<?xml version="1.0" encoding="UTF-8"?>
<!-- Generated by org.testng.reporters.JUnitReportReporter -->
<testsuite hostname="LAPTOP-MSMG7D8C" failures="0" tests="2" name="qaclickacademy.mavenJava.SeleniumTest" time="0.013" errors="0" timestamp="2021-01-13T14:27:20 IST" skipped="0">
  <testcase classname="qaclickacademy.mavenJava.SeleniumTest" name="testMethod" time="0.003"/>
  <system-out/>
  <testcase classname="qaclickacademy.mavenJava.SeleniumTest" name="setData" time="0.010"/>
  <system-out/>
</testsuite> <!-- qaclickacademy.mavenJava.SeleniumTest -->
