<?xml version="1.0" encoding="UTF-8"?>
<!-- Generated by org.testng.reporters.JUnitReportReporter -->
<testsuite hostname="LAPTOP-MSMG7D8C" failures="0" tests="1" name="qaclickacademy.mavenJava.appiumTest" time="0.002" errors="0" timestamp="2021-01-13T14:26:10 IST" skipped="0">
  <testcase classname="qaclickacademy.mavenJava.appiumTest" name="test" time="0.002"/>
  <system-out/>
</testsuite> <!-- qaclickacademy.mavenJava.appiumTest -->
