<?xml version="1.0" encoding="UTF-8"?>
<!-- Generated by org.testng.reporters.JUnitReportReporter -->
<testsuite hostname="LAPTOP-MSMG7D8C" failures="0" tests="1" name="qaclickacademy.mavenJava.APITest" time="0.000" errors="0" timestamp="2020-12-18T13:26:25 IST" skipped="0">
  <testcase classname="qaclickacademy.mavenJava.APITest" name="RPAtest" time="0.000"/>
  <system-out/>
</testsuite> <!-- qaclickacademy.mavenJava.APITest -->
